<ProfileData>
	<id>SolarNode</id>
	<name>SolarNode</name>
	<description>SolarNode</description>
	<isEnabled>true</isEnabled>
	<isVisible>true</isVisible>
	<enabledBy>caadmin</enabledBy>
	<Input>
		<InputAttrs>
			<InputAttr name="requestor_name"></InputAttr>
			<InputAttr name="requestor_email"></InputAttr>
			<InputAttr name="requestor_phone"></InputAttr>
		</InputAttrs>
		<inputId>Requestor Information</inputId>
	</Input>
	<Input>
		<InputAttrs>
			<InputAttr name="cert_request_type"></InputAttr>
			<InputAttr name="cert_request"></InputAttr>
		</InputAttrs>
		<inputId>Certificate Request Input</inputId>
	</Input>
</ProfileData>
