<?xml version="1.0" encoding="UTF-8" standalone="yes"?>
<CertEnrollmentRequest>
    <Attributes/>
    <ProfileID>SolarNode</ProfileID>
    <Renewal>false</Renewal>
    <RemoteHost/>
    <RemoteAddress/>
    <Input id="i3">
        <ClassID>submitterInfoInputImpl</ClassID>
        <Name>Requestor Information</Name>
        <Attribute name="requestor_name">
            <Value/>
            <Descriptor>
                <Syntax>string</Syntax>
                <Description>Requestor Name</Description>
            </Descriptor>
        </Attribute>
        <Attribute name="requestor_email">
            <Value/>
            <Descriptor>
                <Syntax>string</Syntax>
                <Description>Requestor Email</Description>
            </Descriptor>
        </Attribute>
        <Attribute name="requestor_phone">
            <Value/>
            <Descriptor>
                <Syntax>string</Syntax>
                <Description>Requestor Phone</Description>
            </Descriptor>
        </Attribute>
    </Input>
    <Input id="i4">
        <ClassID>certReqInputImpl</ClassID>
        <Name>Certificate Request Input</Name>
        <Attribute name="cert_request_type">
            <Value/>
            <Descriptor>
                <Syntax>cert_request_type</Syntax>
                <Description>Certificate Request Type</Description>
            </Descriptor>
        </Attribute>
        <Attribute name="cert_request">
            <Value/>
            <Descriptor>
                <Syntax>cert_request</Syntax>
                <Description>Certificate Request</Description>
            </Descriptor>
        </Attribute>
    </Input>
</CertEnrollmentRequest>
